Using pre-set license
Built from '2021.3/staging' branch; Version is '2021.3.10f1 (1c7d0df0160b) revision 1867021'; Using compiler version '192829333'; Build Type 'Release'
OS: 'Windows 11  (10.0.22000) 64bit CoreSingleLanguage' Language: 'pt' Physical Memory: 8072 MB
BatchMode: 1, IsHumanControllingUs: 0, StartBugReporterOnCrash: 0, Is64bit: 1, IsPro: 1

COMMAND LINE ARGUMENTS:
D:\Arquivos de programas\2021.3.10f1\Editor\Unity.exe
-adb2
-batchMode
-noUpm
-name
AssetImportWorker120
-projectPath
D:/Documentos/#Jogos Digitais/Isac_Unity3D
-logFile
Logs/AssetImportWorker120.log
-srvPort
62612
Successfully changed project path to: D:/Documentos/#Jogos Digitais/Isac_Unity3D
D:/Documentos/#Jogos Digitais/Isac_Unity3D
[UnityMemory] Configuration Parameters - Can be set up in boot.config
    "memorysetup-bucket-allocator-granularity=16"
    "memorysetup-bucket-allocator-bucket-count=8"
    "memorysetup-bucket-allocator-block-size=33554432"
    "memorysetup-bucket-allocator-block-count=8"
    "memorysetup-main-allocator-block-size=16777216"
    "memorysetup-thread-allocator-block-size=16777216"
    "memorysetup-gfx-main-allocator-block-size=16777216"
    "memorysetup-gfx-thread-allocator-block-size=16777216"
    "memorysetup-cache-allocator-block-size=4194304"
    "memorysetup-typetree-allocator-block-size=2097152"
    "memorysetup-profiler-bucket-allocator-granularity=16"
    "memorysetup-profiler-bucket-allocator-bucket-count=8"
    "memorysetup-profiler-bucket-allocator-block-size=33554432"
    "memorysetup-profiler-bucket-allocator-block-count=8"
    "memorysetup-profiler-allocator-block-size=16777216"
    "memorysetup-profiler-editor-allocator-block-size=1048576"
    "memorysetup-temp-allocator-size-main=16777216"
    "memorysetup-job-temp-allocator-block-size=2097152"
    "memorysetup-job-temp-allocator-block-size-background=1048576"
    "memorysetup-job-temp-allocator-reduction-small-platforms=262144"
    "memorysetup-temp-allocator-size-background-worker=32768"
    "memorysetup-temp-allocator-size-job-worker=262144"
    "memorysetup-temp-allocator-size-preload-manager=33554432"
    "memorysetup-temp-allocator-size-nav-mesh-worker=65536"
    "memorysetup-temp-allocator-size-audio-worker=65536"
    "memorysetup-temp-allocator-size-cloud-worker=32768"
    "memorysetup-temp-allocator-size-gi-baking-worker=262144"
    "memorysetup-temp-allocator-size-gfx=262144"
mdb reader table full -> cleaning up stale readers. Current readers:
    pid     thread     txnid
      3276 1ec4 -
      3276 bb8 -
      3276 394 -
      3276 300c -
      3276 2e54 -
      7572 248 -
      3244 2614 -
     14604 3910 -
     14560 38e4 -
     13852 3058 -
     13644 34fc -
     14876 2cb0 -
     14544 3b9c -
      6780 1870 -
     11232 3798 -
     13956 3b98 -
     12524 16fc -
     13244 3a50 -
      2716 153c -
     15000 1f20 -
      1708 2038 -
     14248 35e8 -
     13940 3734 -
     14216 39cc -
     13468 3384 -
     13132 14e0 -
     12608 3678 -
      9416 6cc -
     14760 30b4 -
     13036 31f4 -
     11596 348c -
     13804 3654 -
      6828 3790 -
      5516 3894 -
     13884 28d8 -
     14064 2714 -
     13984 3664 -
     13756 39b0 -
     14068 3b3c -
     14364 3b1c -
     11380 3a9c -
      4932 36f8 -
      2672 1cd0 -
     11452 2f48 -
      6900 1e64 -
     14596 3508 -
     11560 1840 -
     13636 14b0 -
      9832 2884 -
     11992 339c -
      6000 36c4 -
      5976 38b4 -
      1268 8a8 -
      9464 3758 -
     12748 39c0 -
     10612 3a0c -
      5044 2f6c -
     12084 1968 -
      7012 200 -
      9028 33a8 -
      2556 1edc -
     12436 79c -
     13064 1c94 -
     14392 3188 -
     14140 80c -
     14128 375c -
      8528 2fd4 -
     14156 38dc -
     13192 2ec4 -
      4668 3504 -
     14872 38fc -
      3164 808 -
      2984 ec0 -
     13596 366c -
     12024 34c0 -
      4440 30f4 -
     14652 1c50 -
      2168 3408 -
     14988 3640 -
     13340 1a8c -
      6212 3ad0 -
      5756 3a4c -
     14108 3358 -
     12452 2d78 -
     15424 9c0 -
      4120 3cf4 -
     13828 3cbc -
     14460 3dbc -
     16360 1a80 -
     12820 35e0 -
      5812 3cf8 -
     12776 30d4 -
     15236 2f10 -
     12456 3d24 -
     12864 3fa4 -
     15992 3f90 -
     15244 378c -
     14328 1a08 -
      6340 1148 -
     16332 3d0c 5403
      7668 16f0 5403
     16016 3a38 -
      9488 3534 -
     15564 3d28 -
     15204 d64 -
      9524 2640 -
     15720 3490 -
     11572 3d78 -
     16224 34f8 -
     12484 3560 -
     15520 20b4 -
      4688 3594 -
     15252 1740 -
     15760 3e98 -
     17004 2fbc -
     17032 39ec -
     16112 41c4 -
     16468 3ce0 -
     17156 3860 -
     17120 4138 -
      7056 834 -
     16200 2e88 -
     15200 3c20 -
     16436 3ac8 -
     16280 40e0 -
      5052 41bc -
Cleaned out 120 stale readers
Refreshing native plugins compatible for Editor in 1105.84 ms, found 3 plugins.
Preloading 0 native plugins for Editor in 0.00 ms.
Initialize engine version: 2021.3.10f1 (1c7d0df0160b)
[Subsystems] Discovering subsystems at path D:/Arquivos de programas/2021.3.10f1/Editor/Data/Resources/UnitySubsystems
[Subsystems] Discovering subsystems at path D:/Documentos/#Jogos Digitais/Isac_Unity3D/Assets
GfxDevice: creating device client; threaded=0; jobified=0
Direct3D:
    Version:  Direct3D 11.0 [level 11.0]
    Renderer: NVIDIA GeForce MX110 (ID=0x174e)
    Vendor:   NVIDIA
    VRAM:     2010 MB
    Driver:   30.0.15.1179
Initialize mono
Mono path[0] = 'D:/Arquivos de programas/2021.3.10f1/Editor/Data/Managed'
Mono path[1] = 'D:/Arquivos de programas/2021.3.10f1/Editor/Data/MonoBleedingEdge/lib/mono/unityjit-win32'
Mono config path = 'D:/Arquivos de programas/2021.3.10f1/Editor/Data/MonoBleedingEdge/etc'
Using monoOptions --debugger-agent=transport=dt_socket,embedding=1,server=y,suspend=n,address=127.0.0.1:56580
Begin MonoManager ReloadAssembly
Registering precompiled unity dll's ...
Register platform support module: D:/Arquivos de programas/2021.3.10f1/Editor/Data/PlaybackEngines/AndroidPlayer/UnityEditor.Android.Extensions.dll
Register platform support module: D:/Arquivos de programas/2021.3.10f1/Editor/Data/PlaybackEngines/WindowsStandaloneSupport/UnityEditor.WindowsStandalone.Extensions.dll
Registered in 0.029181 seconds.
Native extension for WindowsStandalone target not found
Native extension for Android target not found
Refreshing native plugins compatible for Editor in 1762.19 ms, found 3 plugins.
Preloading 0 native plugins for Editor in 0.00 ms.
Mono: successfully reloaded assembly
- Completed reload, in 15.225 seconds
Domain Reload Profiling:
	ReloadAssembly (15233ms)
		BeginReloadAssembly (1994ms)
			ExecutionOrderSort (0ms)
			DisableScriptedObjects (0ms)
			BackupInstance (0ms)
			ReleaseScriptingObjects (0ms)
			CreateAndSetChildDomain (13ms)
		EndReloadAssembly (11574ms)
			LoadAssemblies (1979ms)
			RebuildTransferFunctionScriptingTraits (1ms)
			SetupTypeCache (2372ms)
			ReleaseScriptCaches (0ms)
			RebuildScriptCaches (605ms)
			SetupLoadedEditorAssemblies (7302ms)
				LogAssemblyErrors (0ms)
				InitializePlatformSupportModulesInManaged (1086ms)
				SetLoadedEditorAssemblies (6ms)
				RefreshPlugins (1763ms)
				BeforeProcessingInitializeOnLoad (84ms)
				ProcessInitializeOnLoadAttributes (3322ms)
				ProcessInitializeOnLoadMethodAttributes (1038ms)
				AfterProcessingInitializeOnLoad (0ms)
				EditorAssembliesLoaded (2ms)
			ExecutionOrderSort2 (0ms)
			AwakeInstancesAfterBackupRestoration (0ms)
Platform modules already initialized, skipping
Registering precompiled user dll's ...
Registered in 0.072083 seconds.
