Using pre-set license
Built from '2021.3/staging' branch; Version is '2021.3.10f1 (1c7d0df0160b) revision 1867021'; Using compiler version '192829333'; Build Type 'Release'
OS: 'Windows 11  (10.0.22000) 64bit CoreSingleLanguage' Language: 'pt' Physical Memory: 8072 MB
BatchMode: 1, IsHumanControllingUs: 0, StartBugReporterOnCrash: 0, Is64bit: 1, IsPro: 1

COMMAND LINE ARGUMENTS:
D:\Arquivos de programas\2021.3.10f1\Editor\Unity.exe
-adb2
-batchMode
-noUpm
-name
AssetImportWorker249
-projectPath
D:/Documentos/#Jogos Digitais/Isac_Unity3D
-logFile
Logs/AssetImportWorker249.log
-srvPort
62612
Successfully changed project path to: D:/Documentos/#Jogos Digitais/Isac_Unity3D
D:/Documentos/#Jogos Digitais/Isac_Unity3D
[UnityMemory] Configuration Parameters - Can be set up in boot.config
    "memorysetup-bucket-allocator-granularity=16"
    "memorysetup-bucket-allocator-bucket-count=8"
    "memorysetup-bucket-allocator-block-size=33554432"
    "memorysetup-bucket-allocator-block-count=8"
    "memorysetup-main-allocator-block-size=16777216"
    "memorysetup-thread-allocator-block-size=16777216"
    "memorysetup-gfx-main-allocator-block-size=16777216"
    "memorysetup-gfx-thread-allocator-block-size=16777216"
    "memorysetup-cache-allocator-block-size=4194304"
    "memorysetup-typetree-allocator-block-size=2097152"
    "memorysetup-profiler-bucket-allocator-granularity=16"
    "memorysetup-profiler-bucket-allocator-bucket-count=8"
    "memorysetup-profiler-bucket-allocator-block-size=33554432"
    "memorysetup-profiler-bucket-allocator-block-count=8"
    "memorysetup-profiler-allocator-block-size=16777216"
    "memorysetup-profiler-editor-allocator-block-size=1048576"
    "memorysetup-temp-allocator-size-main=16777216"
    "memorysetup-job-temp-allocator-block-size=2097152"
    "memorysetup-job-temp-allocator-block-size-background=1048576"
    "memorysetup-job-temp-allocator-reduction-small-platforms=262144"
    "memorysetup-temp-allocator-size-background-worker=32768"
    "memorysetup-temp-allocator-size-job-worker=262144"
    "memorysetup-temp-allocator-size-preload-manager=33554432"
    "memorysetup-temp-allocator-size-nav-mesh-worker=65536"
    "memorysetup-temp-allocator-size-audio-worker=65536"
    "memorysetup-temp-allocator-size-cloud-worker=32768"
    "memorysetup-temp-allocator-size-gi-baking-worker=262144"
    "memorysetup-temp-allocator-size-gfx=262144"
mdb reader table full -> cleaning up stale readers. Current readers:
    pid     thread     txnid
      3276 1ec4 -
      3276 ba4 -
     16736 3584 -
     17320 3184 -
     13952 3a04 -
     13160 3e30 -
     16776 1824 -
     12356 1d08 -
     16932 3fdc -
     11480 14a8 -
     16788 3200 -
       904 2148 -
     16900 4140 -
      3472 3f58 -
     13776 3804 -
      7528 34b4 -
     17876 45d8 -
     17920 4604 -
     11908 2058 1340
      6132 4374 1340
     13416 4734 -
     18056 44ec -
     17868 3970 -
     12668 457c -
     16672 46a4 -
     17848 4448 -
     12592 3218 -
      7864 47fc -
      5668 39b4 -
     15292 43fc -
     15196 3c2c -
     12780 47d4 -
     17592 828 1359
     15928 427c 1359
      5852 40a8 -
     17680 a74 -
     14152 3c24 -
     15284 4490 -
     18072 3eb4 -
     18424 44e0 -
     13856 2618 -
     16140 3118 -
     16860 454c -
     17720 4664 -
       432 3b2c -
     15228 3258 -
     16956 428c -
     19012 4b14 -
     18360 3dc8 -
      4468 43c8 -
     17612 4b8c 1384
     18536 4880 1384
      6852 475c -
     17148 139c -
     17604 11ec -
     18964 4340 -
     17840 3be0 -
      8352 3e00 -
     18044 39f0 -
     16412 4148 -
     13388 3e50 -
     16288 19b4 -
     13996 36a8 1396
     18132 4ad8 1396
     11856 37d0 -
     18936 2240 -
      5908 4730 -
     11240 3b70 -
     13616 a10 -
     18596 4700 -
     14792 1c30 -
     17816 e78 -
     15176 3938 -
     18272 3ba4 -
     15672 a44 -
      9532 38d4 -
     17676 4920 -
     18376 4724 -
     17496 2d2c -
     14824 4014 -
     17316 1e74 -
     15460 2b5c -
     19060 270c -
     13536 3040 -
     15192 385c -
      3792 4bb4 -
      8056 1394 -
      8108 4740 -
     18540 3f78 -
       616 18fc -
     10232 441c -
     15768 440c -
     19328 3dec -
      3712 4904 -
      3696 4518 -
     15140 3ff0 -
     18548 4bdc -
     18220 4b40 -
      8308 3420 -
      8364 ea0 -
     18288 3be8 -
     18368 2134 -
     18244 406c -
      1344 4058 -
     15508 3208 -
     14640 4808 -
      5780 bcc -
     15128 4b1c -
     19148 37f4 -
     14808 383c 1451
     18544 3f6c -
     17940 3a6c -
     16580 463c -
      5928 3b44 -
     17176 2b4 -
     11920 4940 -
     12840 acc -
     15844 3f2c -
     17340 40b0 -
     11988 4078 -
     15880 3c90 -
     13216 48f0 -
     13252 49cc -
     11844 2834 -
     14732 3168 -
     15296 4930 -
Cleaned out 124 stale readers
Refreshing native plugins compatible for Editor in 1146.25 ms, found 3 plugins.
Preloading 0 native plugins for Editor in 0.00 ms.
Initialize engine version: 2021.3.10f1 (1c7d0df0160b)
[Subsystems] Discovering subsystems at path D:/Arquivos de programas/2021.3.10f1/Editor/Data/Resources/UnitySubsystems
[Subsystems] Discovering subsystems at path D:/Documentos/#Jogos Digitais/Isac_Unity3D/Assets
GfxDevice: creating device client; threaded=0; jobified=0
Direct3D:
    Version:  Direct3D 11.0 [level 11.0]
    Renderer: NVIDIA GeForce MX110 (ID=0x174e)
    Vendor:   NVIDIA
    VRAM:     2010 MB
    Driver:   30.0.15.1179
Initialize mono
Mono path[0] = 'D:/Arquivos de programas/2021.3.10f1/Editor/Data/Managed'
Mono path[1] = 'D:/Arquivos de programas/2021.3.10f1/Editor/Data/MonoBleedingEdge/lib/mono/unityjit-win32'
Mono config path = 'D:/Arquivos de programas/2021.3.10f1/Editor/Data/MonoBleedingEdge/etc'
Using monoOptions --debugger-agent=transport=dt_socket,embedding=1,server=y,suspend=n,address=127.0.0.1:56540
Begin MonoManager ReloadAssembly
Registering precompiled unity dll's ...
Register platform support module: D:/Arquivos de programas/2021.3.10f1/Editor/Data/PlaybackEngines/AndroidPlayer/UnityEditor.Android.Extensions.dll
Register platform support module: D:/Arquivos de programas/2021.3.10f1/Editor/Data/PlaybackEngines/WindowsStandaloneSupport/UnityEditor.WindowsStandalone.Extensions.dll
Registered in 0.021325 seconds.
Native extension for WindowsStandalone target not found
Native extension for Android target not found
Refreshing native plugins compatible for Editor in 1468.91 ms, found 3 plugins.
Preloading 0 native plugins for Editor in 0.00 ms.
Mono: successfully reloaded assembly
- Completed reload, in 11.997 seconds
Domain Reload Profiling:
	ReloadAssembly (12019ms)
		BeginReloadAssembly (765ms)
			ExecutionOrderSort (0ms)
			DisableScriptedObjects (0ms)
			BackupInstance (0ms)
			ReleaseScriptingObjects (0ms)
			CreateAndSetChildDomain (6ms)
		EndReloadAssembly (9868ms)
			LoadAssemblies (760ms)
			RebuildTransferFunctionScriptingTraits (1ms)
			SetupTypeCache (1673ms)
			ReleaseScriptCaches (0ms)
			RebuildScriptCaches (631ms)
			SetupLoadedEditorAssemblies (6673ms)
				LogAssemblyErrors (0ms)
				InitializePlatformSupportModulesInManaged (997ms)
				SetLoadedEditorAssemblies (4ms)
				RefreshPlugins (1470ms)
				BeforeProcessingInitializeOnLoad (27ms)
				ProcessInitializeOnLoadAttributes (3025ms)
				ProcessInitializeOnLoadMethodAttributes (1148ms)
				AfterProcessingInitializeOnLoad (0ms)
				EditorAssembliesLoaded (2ms)
			ExecutionOrderSort2 (0ms)
			AwakeInstancesAfterBackupRestoration (0ms)
Platform modules already initialized, skipping
Registering precompiled user dll's ...
Registered in 0.099357 seconds.
Android Extension - Scanning For ADB Devices 13800 ms
Begin MonoManager ReloadAssembly
